-------------------------------------------------------------------------------
Test set: com.github.poliveira_fuze.AvoidStarImportMojoTest
-------------------------------------------------------------------------------
Tests run: 3, Failures: 0, Errors: 2, Skipped: 0, Time elapsed: 0.630 s <<< FAILURE! -- in com.github.poliveira_fuze.AvoidStarImportMojoTest
com.github.poliveira_fuze.AvoidStarImportMojoTest.testPluginLogs -- Time elapsed: 0.604 s <<< ERROR!
java.util.ConcurrentModificationException
	at java.base/java.util.ArrayList$Itr.checkForComodification(ArrayList.java:1095)
	at java.base/java.util.ArrayList$Itr.next(ArrayList.java:1049)
	at com.github.javaparser.ast.NodeList$NodeListIterator.next(NodeList.java:588)
	at com.github.javaparser.ast.NodeList$NodeListIterator.next(NodeList.java:566)
	at com.github.poliveira_fuze.AvoidStarImportMojo.expandWildcardImports(AvoidStarImportMojo.java:63)
	at com.github.poliveira_fuze.AvoidStarImportMojo.lambda$execute$1(AvoidStarImportMojo.java:37)
	at java.base/java.util.stream.ForEachOps$ForEachOp$OfRef.accept(ForEachOps.java:184)
	at java.base/java.util.stream.ReferencePipeline$2$1.accept(ReferencePipeline.java:179)
	at java.base/java.util.stream.ReferencePipeline$3$1.accept(ReferencePipeline.java:197)
	at java.base/java.util.Iterator.forEachRemaining(Iterator.java:133)
	at java.base/java.util.Spliterators$IteratorSpliterator.forEachRemaining(Spliterators.java:1939)
	at java.base/java.util.stream.AbstractPipeline.copyInto(AbstractPipeline.java:509)
	at java.base/java.util.stream.AbstractPipeline.wrapAndCopyInto(AbstractPipeline.java:499)
	at java.base/java.util.stream.ForEachOps$ForEachOp.evaluateSequential(ForEachOps.java:151)
	at java.base/java.util.stream.ForEachOps$ForEachOp$OfRef.evaluateSequential(ForEachOps.java:174)
	at java.base/java.util.stream.AbstractPipeline.evaluate(AbstractPipeline.java:234)
	at java.base/java.util.stream.ReferencePipeline.forEach(ReferencePipeline.java:596)
	at com.github.poliveira_fuze.AvoidStarImportMojo.execute(AvoidStarImportMojo.java:35)
	at com.github.poliveira_fuze.AvoidStarImportMojo.execute(AvoidStarImportMojo.java:33)
	at com.github.poliveira_fuze.AvoidStarImportMojoTest.testPluginLogs(AvoidStarImportMojoTest.java:94)
	at java.base/java.lang.reflect.Method.invoke(Method.java:580)
	at java.base/java.util.ArrayList.forEach(ArrayList.java:1596)
	at java.base/java.util.ArrayList.forEach(ArrayList.java:1596)

com.github.poliveira_fuze.AvoidStarImportMojoTest.testExpandWildcardImports -- Time elapsed: 0.003 s <<< ERROR!
java.util.ConcurrentModificationException
	at java.base/java.util.ArrayList$Itr.checkForComodification(ArrayList.java:1095)
	at java.base/java.util.ArrayList$Itr.next(ArrayList.java:1049)
	at com.github.javaparser.ast.NodeList$NodeListIterator.next(NodeList.java:588)
	at com.github.javaparser.ast.NodeList$NodeListIterator.next(NodeList.java:566)
	at com.github.poliveira_fuze.AvoidStarImportMojo.expandWildcardImports(AvoidStarImportMojo.java:63)
	at com.github.poliveira_fuze.AvoidStarImportMojo.lambda$execute$1(AvoidStarImportMojo.java:37)
	at java.base/java.util.stream.ForEachOps$ForEachOp$OfRef.accept(ForEachOps.java:184)
	at java.base/java.util.stream.ReferencePipeline$2$1.accept(ReferencePipeline.java:179)
	at java.base/java.util.stream.ReferencePipeline$3$1.accept(ReferencePipeline.java:197)
	at java.base/java.util.Iterator.forEachRemaining(Iterator.java:133)
	at java.base/java.util.Spliterators$IteratorSpliterator.forEachRemaining(Spliterators.java:1939)
	at java.base/java.util.stream.AbstractPipeline.copyInto(AbstractPipeline.java:509)
	at java.base/java.util.stream.AbstractPipeline.wrapAndCopyInto(AbstractPipeline.java:499)
	at java.base/java.util.stream.ForEachOps$ForEachOp.evaluateSequential(ForEachOps.java:151)
	at java.base/java.util.stream.ForEachOps$ForEachOp$OfRef.evaluateSequential(ForEachOps.java:174)
	at java.base/java.util.stream.AbstractPipeline.evaluate(AbstractPipeline.java:234)
	at java.base/java.util.stream.ReferencePipeline.forEach(ReferencePipeline.java:596)
	at com.github.poliveira_fuze.AvoidStarImportMojo.execute(AvoidStarImportMojo.java:35)
	at com.github.poliveira_fuze.AvoidStarImportMojoTest.testExpandWildcardImports(AvoidStarImportMojoTest.java:47)
	at java.base/java.lang.reflect.Method.invoke(Method.java:580)
	at java.base/java.util.ArrayList.forEach(ArrayList.java:1596)
	at java.base/java.util.ArrayList.forEach(ArrayList.java:1596)

