<?xml version="1.0" encoding="UTF-8"?>
<testsuite xmlns:xsi="http://www.w3.org/2001/XMLSchema-instance" xsi:noNamespaceSchemaLocation="https://maven.apache.org/surefire/maven-surefire-plugin/xsd/surefire-test-report.xsd" version="3.0.2" name="com.github.poliveira_fuze.AvoidStarImportMojoTest" time="0.63" tests="3" errors="2" skipped="0" failures="0">
  <properties>
[...]
</properties>
  <testcase name="testPluginLogs" classname="com.github.poliveira_fuze.AvoidStarImportMojoTest" time="0.604">
    <error type="java.util.ConcurrentModificationException"><![CDATA[java.util.ConcurrentModificationException
	at java.base/java.util.ArrayList$Itr.checkForComodification(ArrayList.java:1095)
	at java.base/java.util.ArrayList$Itr.next(ArrayList.java:1049)
	at com.github.javaparser.ast.NodeList$NodeListIterator.next(NodeList.java:588)
	at com.github.javaparser.ast.NodeList$NodeListIterator.next(NodeList.java:566)
	at com.github.poliveira_fuze.AvoidStarImportMojo.expandWildcardImports(AvoidStarImportMojo.java:63)
	at com.github.poliveira_fuze.AvoidStarImportMojo.lambda$execute$1(AvoidStarImportMojo.java:37)
	at java.base/java.util.stream.ForEachOps$ForEachOp$OfRef.accept(ForEachOps.java:184)
	at java.base/java.util.stream.ReferencePipeline$2$1.accept(ReferencePipeline.java:179)
	at java.base/java.util.stream.ReferencePipeline$3$1.accept(ReferencePipeline.java:197)
	at java.base/java.util.Iterator.forEachRemaining(Iterator.java:133)
	at java.base/java.util.Spliterators$IteratorSpliterator.forEachRemaining(Spliterators.java:1939)
	at java.base/java.util.stream.AbstractPipeline.copyInto(AbstractPipeline.java:509)
	at java.base/java.util.stream.AbstractPipeline.wrapAndCopyInto(AbstractPipeline.java:499)
	at java.base/java.util.stream.ForEachOps$ForEachOp.evaluateSequential(ForEachOps.java:151)
	at java.base/java.util.stream.ForEachOps$ForEachOp$OfRef.evaluateSequential(ForEachOps.java:174)
	at java.base/java.util.stream.AbstractPipeline.evaluate(AbstractPipeline.java:234)
	at java.base/java.util.stream.ReferencePipeline.forEach(ReferencePipeline.java:596)
	at com.github.poliveira_fuze.AvoidStarImportMojo.execute(AvoidStarImportMojo.java:35)
	at com.github.poliveira_fuze.AvoidStarImportMojo.execute(AvoidStarImportMojo.java:33)
	at com.github.poliveira_fuze.AvoidStarImportMojoTest.testPluginLogs(AvoidStarImportMojoTest.java:94)
	at java.base/java.lang.reflect.Method.invoke(Method.java:580)
	at java.base/java.util.ArrayList.forEach(ArrayList.java:1596)
	at java.base/java.util.ArrayList.forEach(ArrayList.java:1596)
]]></error>
    <system-err><![CDATA[WARNING: A Java agent has been loaded dynamically (/Users/poliveira/.m2/repository/net/bytebuddy/byte-buddy-agent/1.14.12/byte-buddy-agent-1.14.12.jar)
WARNING: If a serviceability tool is in use, please run with -XX:+EnableDynamicAgentLoading to hide this warning
WARNING: If a serviceability tool is not in use, please run with -Djdk.instrument.traceUsage for more information
WARNING: Dynamic loading of agents will be disallowed by default in a future release
]]></system-err>
  </testcase>
  <testcase name="testExpandWildcardImports" classname="com.github.poliveira_fuze.AvoidStarImportMojoTest" time="0.003">
    <error type="java.util.ConcurrentModificationException"><![CDATA[java.util.ConcurrentModificationException
	at java.base/java.util.ArrayList$Itr.checkForComodification(ArrayList.java:1095)
	at java.base/java.util.ArrayList$Itr.next(ArrayList.java:1049)
	at com.github.javaparser.ast.NodeList$NodeListIterator.next(NodeList.java:588)
	at com.github.javaparser.ast.NodeList$NodeListIterator.next(NodeList.java:566)
	at com.github.poliveira_fuze.AvoidStarImportMojo.expandWildcardImports(AvoidStarImportMojo.java:63)
	at com.github.poliveira_fuze.AvoidStarImportMojo.lambda$execute$1(AvoidStarImportMojo.java:37)
	at java.base/java.util.stream.ForEachOps$ForEachOp$OfRef.accept(ForEachOps.java:184)
	at java.base/java.util.stream.ReferencePipeline$2$1.accept(ReferencePipeline.java:179)
	at java.base/java.util.stream.ReferencePipeline$3$1.accept(ReferencePipeline.java:197)
	at java.base/java.util.Iterator.forEachRemaining(Iterator.java:133)
	at java.base/java.util.Spliterators$IteratorSpliterator.forEachRemaining(Spliterators.java:1939)
	at java.base/java.util.stream.AbstractPipeline.copyInto(AbstractPipeline.java:509)
	at java.base/java.util.stream.AbstractPipeline.wrapAndCopyInto(AbstractPipeline.java:499)
	at java.base/java.util.stream.ForEachOps$ForEachOp.evaluateSequential(ForEachOps.java:151)
	at java.base/java.util.stream.ForEachOps$ForEachOp$OfRef.evaluateSequential(ForEachOps.java:174)
	at java.base/java.util.stream.AbstractPipeline.evaluate(AbstractPipeline.java:234)
	at java.base/java.util.stream.ReferencePipeline.forEach(ReferencePipeline.java:596)
	at com.github.poliveira_fuze.AvoidStarImportMojo.execute(AvoidStarImportMojo.java:35)
	at com.github.poliveira_fuze.AvoidStarImportMojoTest.testExpandWildcardImports(AvoidStarImportMojoTest.java:47)
	at java.base/java.lang.reflect.Method.invoke(Method.java:580)
	at java.base/java.util.ArrayList.forEach(ArrayList.java:1596)
	at java.base/java.util.ArrayList.forEach(ArrayList.java:1596)
]]></error>
  </testcase>
  <testcase name="testNoWildcardImports" classname="com.github.poliveira_fuze.AvoidStarImportMojoTest" time="0.011">
    <system-out><![CDATA[[info] Expanded wildcard imports in /var/folders/0f/7wy67jbj6f11g1f_rtxlwn440000gp/T/avoid-start-import-test10339918882683031949/TestFileNoWildcard.java
]]></system-out>
  </testcase>
</testsuite>